g:\2dingo\2dingo\2dingo\x64\debug\vc142.pdb
g:\2dingo\2dingo\2dingo\x64\debug\vc142.idb
g:\2dingo\2dingo\2dingo\x64\debug\window.obj
g:\2dingo\2dingo\2dingo\x64\debug\main.obj
g:\2dingo\2dingo\2dingo\x64\debug\iomanager.obj
g:\2dingo\2dingo\2dingo\x64\debug\resourcemanager.obj
g:\2dingo\2dingo\2dingo\x64\debug\inputmanager.obj
g:\2dingo\2dingo\2dingo\x64\debug\sprite.obj
g:\2dingo\2dingo\2dingo\x64\debug\shaderprogram.obj
g:\2dingo\2dingo\2dingo\x64\debug\camera.obj
g:\2dingo\2dingo\2dingo\x64\debug\picopng.obj
g:\2dingo\2dingo\2dingo\x64\debug\engine.obj
g:\2dingo\2dingo\2dingo\x64\debug\game.obj
g:\2dingo\2dingo\x64\debug\2dingo.exe
g:\2dingo\2dingo\2dingo\x64\debug\2dingo.ilk
g:\2dingo\2dingo\x64\debug\2dingo.pdb
d:\2dingo\2dingo\2dingo\x64\debug\engine.obj
d:\2dingo\2dingo\2dingo\x64\debug\logger.obj
d:\2dingo\2dingo\2dingo\x64\debug\main.obj
d:\2dingo\2dingo\2dingo\x64\debug\window.obj
d:\2dingo\2dingo\2dingo\x64\debug\camera.obj
d:\2dingo\2dingo\2dingo\x64\debug\inputmanager.obj
d:\2dingo\2dingo\2dingo\x64\debug\iomanager.obj
d:\2dingo\2dingo\2dingo\x64\debug\picopng.obj
d:\2dingo\2dingo\2dingo\x64\debug\resourcemanager.obj
d:\2dingo\2dingo\2dingo\x64\debug\shaderprogram.obj
d:\2dingo\2dingo\2dingo\x64\debug\sprite.obj
d:\2dingo\2dingo\2dingo\x64\debug\game.obj
d:\2dingo\2dingo\2dingo\x64\debug\2dingo.ilk
d:\2dingo\2dingo\2dingo\x64\debug\vc142.idb
d:\2dingo\2dingo\2dingo\x64\debug\vc142.pdb
d:\2dingo\2dingo\x64\debug\2dingo.pdb
d:\2dingo\2dingo\x64\debug\2dingo.exe
d:\2dingo\2dingo\2dingo\x64\debug\2dingo.tlog\cl.command.1.tlog
d:\2dingo\2dingo\2dingo\x64\debug\2dingo.tlog\cl.read.1.tlog
d:\2dingo\2dingo\2dingo\x64\debug\2dingo.tlog\cl.write.1.tlog
d:\2dingo\2dingo\2dingo\x64\debug\2dingo.tlog\link.command.1.tlog
d:\2dingo\2dingo\2dingo\x64\debug\2dingo.tlog\link.read.1.tlog
d:\2dingo\2dingo\2dingo\x64\debug\2dingo.tlog\link.write.1.tlog
